<?xml version="1.0" encoding="UTF-8"?>
<!-- Generated by org.testng.reporters.JUnitReportReporter -->
<testsuite hostname="KG-GSSL1138" failures="0" tests="3" name="rest.assured.Rest_Assured_All_Methods" time="1.167" errors="0" timestamp="2023-03-10T17:31:36 IST" skipped="0">
  <testcase classname="rest.assured.Rest_Assured_All_Methods" name="test_02" time="0.516"/>
  <system-out/>
  <testcase classname="rest.assured.Rest_Assured_All_Methods" name="test_03" time="0.515"/>
  <system-out/>
  <testcase classname="rest.assured.Rest_Assured_All_Methods" name="test01" time="0.136"/>
  <system-out/>
</testsuite> <!-- rest.assured.Rest_Assured_All_Methods -->
