<?xml version="1.0" encoding="UTF-8"?>
<!-- Generated by org.testng.reporters.JUnitReportReporter -->
<testsuite hostname="KG-GSSL1138" failures="0" tests="1" name="rest.assured.Rest_Assured_Get_Method" time="1.998" errors="0" timestamp="2023-03-10T17:31:36 IST" skipped="0">
  <testcase classname="rest.assured.Rest_Assured_Get_Method" name="test_02" time="1.998"/>
  <system-out/>
</testsuite> <!-- rest.assured.Rest_Assured_Get_Method -->
